Lornas
leader
border
BloomfieldVincennesFort
African
nursery
Valdas
Brady
Chicago
Thomas
Akronbased
example
March
phrase
wants
boasts
experiment
Daily
Broadway
version
house
Latin
Japanese
title
director
Franks
CBSBlockbusterSimon
style
North
bobby
series
games
first
angle
river
Sportscenter
senator
shared
Flightless
balls
chopped
registered
CampbellFort
salad
began
country
Sarah
Quick
title
shield
lawyers
Greenland
April
countrys
Zealous
independent
known
worked
entry
harvard
discovered
cheer
sheet
chicken
begin
directed
subtitle
first
Revised
Insane
snakes
equation
ballet
around
composers
European
rebellious
groups
first
movie
temps
David
woman
monkey
rattle
ghost
country
Arlington
movie
played
Kinlochbervie
cutting
eastern
proverb
benet
opposite
series
globe
Spanish
nicknamed
based
first
bridge
deity
portend
umpire
works
canal
missing
exeditor
emblem
disease
stands
Dumas
complaint
TedTinaLana
civil
indelible
Cheryl
north
somewhat
1967Drifters
Frank
state
shows
religion
seven
Anejo
Mildew
remember
President
pasta
waiting
president
called
wrote
Garry
company
Bruce
south
since
Brooklyn
group
jupiter
charts
article
prevent
first
whale
perfume
Hindenburg
muggy
700th
arrows
gland
lines
Vatican
Nickname
Earth
minutes
nursery
Among
played
treeless
tiered
sisters
inches
prince
famous
property
custom
Woman
cocoa
dubbed
sauce
century
fibrous
country
Supreme
Genesis
library
lives
classic
Puebla
church
signals
first
Bruce
makeup
corps
Wicked
3word
OTBin
large
small
1952Marshal
scuba
legislature
record
actors
Former
flower
first
building
Saturday
child
president
1830s
rodent
since
shoulderheld
Linda
eating
expense
countries
Southpaw5
seasons
musical
Darling
defiance
7letter
Minnesota
People
title
Within
Russian
products
Theyre
president
added
James
Farms
quantity
organ
birthday
Evita
island
pitch
right
certain
Principal
Janet
Theres
somewhat
Italian
ByrdsTo
wrote
castle
watch
Damon
December
waterfall
Pilot
KurtRosalindNipsey
capitol
wrote
cuttlefish
holidays
Known
actress
Tanzania
revival
learn
butterfly
brown
consciousness
month
plague
flick
student
Stadium
September
DreamgirlsBeyonce
still
general
Rosie
words
Named
2word
called
Italian
Kevin
Merlin
fought
connects
madame
bonus
capital
province
short
Regarding
national
Barbados
Peacock
letter
Jittery
Blues
Scout
number
Picture
Little
porpoise
famous
Jesus
water
patrick
state
million
Facundo
Geometrically
famous
Teflon
brought
singer
chris
local
Perhaps
fiction
Alphabetically
debut
prayer
wrote
movie
simply
Picture
Andrew
observatory
oldstyle
really
August
instrument
Spocks
President
peninsula
murder
state
empire
largest
Beatles
actually
shell
miles
German
grade
river
national
practice
Whitney
flower
Goodyears
plane
first
Sarah
first
cardinal
Common
Cellos
Sorry
Financially
download
WestThe
grain
language
cockle
Lisbon
flowers
sleep
necessary
Calcium
Never
return
Battle
thats
designer
machine
helped
famous
water
aristocrat
color
wrote
Cruise
island
first
called
Biblical
pilot
Paris
Mercury
Spock
Johnny
small
Mexico
Woodrow
Little
first
Elizabeth
breathing
invented
variety
famous
strong
aviator
parathyroid
known
country
peninsula
walter
glass
wrote
bichon
Crayola
Fuzzy
rainbows
wrong
University
comes
vetoed
Richard
Armstrong
reports
known

paper
Dublin
small
dicephalous
benedict
party
intersection
archaeologist
state
Comedian
death
Original
course
Mussolini
Asias
author
Hebrew
Arnie
Named
musical
monsters
short
ballet
shows
novel
first
means
harrison
common
horse
Unsightly
story
fighter
painter
state
married
party
cannellini
voting
deltoid
species
river
Suprisingly
National
gossip
CashDepp
Rhode
states
festival
island
first
professional
first
college
research
novel
Zathura
holiday
warmer
directed
beauty
BraveheartWilliam
Pearl
country
Swede1976
created
cross
music
Popular
Diddle
could
chocolate
painted
enter
Museum
backup
Shortly
Civil
Peace
ingredient
Though
Story
Motown
Koran
invention
Latin
Moses
breed
killed
player
number
capital
Gdansk
Douglas
According
known
Norway
Flammable
biography
author
ocean
features
Pamela
permanent
House
growing
Tonight
canary
Grand
state
president
title
stamp
tenderloin
often
famous
Simple
wheel
dishes
valley
December
French
sitcom
novel
January
saint
first
gland
quarterback
loves
sport
volcano
wrote
Adler
bologna
thingyou
lions
taste
equivalent
October
money
draft
poses
ancient
1992The
Domini
Chuck
German
Young
holiday
river
Earth
Jimmy
president
mammal
country
explorer
Wanted
vortex
extended
Señor
China
white
Rhode
Romans
enter
action
group
Number
Street
wrote
general
discovered
fashion
Yellowstone
email
process
Called
series
Edward
Examples
party
Theyre
future
published
Bruges
Jackson
tadpole
named
Since
1963Nightmare
Wisconsin
shoes
Awards
department
young
infant
Oscar
Olympic
school
company
Stone
costarred
states
Grant
1969s
travel
first
Canada
reunited
death
Versus
later
bestseller
brothers
President
least
mount
Couples
palaces
known
consists
number
chief
peace
vegetable
Thomas
Ohios
musical
bailar
SophoclesOctopus
department
title
helicopters
state
universe
royal
Dutch
tells
Among
Cinderellas
stans
girls
Greys
wrote
sounds
sometimes
theory
100th
Bronx
leading
times
countrys
French
sitcom
Revolution
North
named
minute
Peanut
title
played
black
queen
novel
Treaty
astronomer
biography
popular
Dickens
black
Chicago
known
1980s
first
grand
Deuteronomy
nation
Miami
communities
South
Company
climb
split
movie
Westerplatte
TimesPicayuneBasin
drive
dance
Speak
welcome
people
secretary
worlds
Italian
sauce
smile
invented
conquered
capital
patron
coffee
nation
received
Heloise
Laker
country
accept
coffins
1940Bad
retired
resign
sitcom
warning
member
robot
ralph
title
desires
musical
portrait
character
writing
leader
forces
Since
wrote
Among
Michael
Flying
language
sexperts
sentence
Touchy
played
chocolate
general
brain
novel
monopoly
plant
century
second
planet
serving
phrase
first
FanMr
letters
musical
river
2word
chance
named
avoid
economy
spice
Completes
fabric
artist
derogatory
atoms
chain
andrew
Lincoln
became
airport
planet
kidnap
language
peninsula
ships
place
anthem
concern
apple
meaning
mystery
senator
discovered
Pepsi
little
woman
Human
novel
Peking
reggae
escaped
washington
drama
Snoopys
beetles
opposite
Military
astronomer
American
Mother
Washington
justice
first
country
designed
Warhol
played
Milan
named
brown
Oscar
original
voiced
hours
historians
Latin
capital
players
Teddy
often
CairoCopenhagenCanberra
called
ancient
singer
played
Catherine
Union
frost
stored
death
Capablesucceedaccomplish
Waterloo
citizenship
might
called
novel
Related
state
Avian
company
Japan
diplomatic
Books
Among
chachalaca
woman
night
Prior
Encyclopedia
General
Following
wrote
streetcar
syndrome
career
title
Jeffersons
Marino
Ranch
whose
Tiger
albums
Going
person
mouth
Goths
Story
Windy
ballet
chalkboard
highest
comes
began
holiday
common
album
minister
beach
follows
called
tower
measure
Title
Lambeau
School
biggest
Famous
Nobody
company
first
1958BPRussia
oscar
world
Peter
Potato
really
Reaching
wrote
ColumnsNational
Vegetables
2009Paul
variety
member
Irish
federal
fabric
affair
Greek
juniper
wrote
5letter
Britains
princess
telegram
little
types
World
obeyed
author
magazine
capital
garden
pistol
Lincoln
musical
ballpeenDisneys
Decade
solar
tendon
series
caught
island
short
famous
first
Hindi
plant
event
Chiang
Testament
English
ChurchillChandlerChamberlain
village
million
nickname
study
plant
Massachusetts
comes
Kingston
Franco
marble
nominees
divisions
around
Earth
worlds
Picassos
judges
state
called
someone
water
1990The
2005Pickpocket
death
current
(diana)
minds
winter
group
According
country
Goodman
called
declared
plays
member
Keanu
Sardis
comes
river
world
might
marries
Australia
Novel
Street
Britneys
billion
altitude
lawyer
minivan
version
mother
verbal
great
album
Taiwan
19651971
Albert
Yankees
singer
woman
george
1970s
Arthur
state
heart
treaty
monarch
Airport
goddess
trucks
language
title
peninsula
Newly
Rubber
jealous
Henry
musical
famous
river
noodles
poison
bobsled
British
Black
reported
donuts
letter
featured
Etruscan
white
bonds
French
series
heaven
feast
Haydn
given
novel
Klugmans
astounding
robert
seeds
animated
streak
castle
professor
Henry
temperatures
Montgomery
original
kites
Scrabble
announced
Times
cherished
Lindsay
Horace
seafood
Little
president
album
Bartender
restaurant
Charles
angels
traffic
popular
Citrus
befuddled
MiddlesexNew
completed
title
police
Earth
newborn
weekend
battle
Spencer
county
process
prizes
Yankees
title
Alright
sport
never
Prime
Proverbially
French
worlds
silent
actress
senator
patients
Arkansas
bologna
Stevie
basic
element
Though
Johnson
Joanne
country
sitcom
teamed
board
groups
goddess
flesh
former
hockey
(from
first
backup
something
annual
Title
October
books
famous
Silver
century
Allison
called
Hamilton
autumn
great
plays
Fiery
sorry
queen
Favres
water
title
Roman
strait
Barnums
Moses
superhero
Philistine
title
Jesus
chaos
Antarctica
therapy
directed
Theyre
Steel
boulevard
goddess
Pythias
French
Jonathan
played
Saffroncanarylemon
little
Western
Barry
Genoa
Jerry
According
Mexicos
wrote
first
songs
drink
published
destroyed
Danish
August
function
capital
beavers
Havana
quote
smooth
Basic
unflattering
prescription
hours
legume
single
Licensed
shoulder
elements
hotel
hosted
bands
invented
paper
bring
known
Paris
major
apple
father
countrys
president
German
spokesman
Overture
great
debuted
lost9
Commuters
capital
declaration
Andres
London
Jordan
recites
success
Kathryn
facing
justice
Kelly
special
Steak
states
resolution
Hornblower
London
original
album
Religious
species
Battle
volunteer
staff
fairy
author
teams
broken
Hedwig
Goodall
prince
District
Polonius
Houghton
Beautiful
series
Louie
German
books
viscosity
Completes
KelsoJake
father
supergroup
chief
Wockaround
coonskin
second
presidents
answer
peasant
Patrick
battle
Rights
write
became
Philharmonic
family
museum
named
bobby
Defoes
service
Americas
Punchs
mammals
first
Elected
dinner
changed
first
Spinster
singer
1959s
played
named
variety
starred
letter
stamp
novel
grace
Procter
"vain"
earth
illustrated
cents
shame
guided
avenues
played
cookies
theatre
South
using
February
David
include
gardens
country
Paris
Bible
Summer
Northeast
became
Bidding
holders
general
title
Meiji
Nicknamed
wrote
Senate
people
Would
Egypt
teens
Elvis
limitedrun
novel
title
pause
juice
stainless
Strom
Palace
Movie
thats
brush
nickname
Malta
million
novel
StevensonLa
river
Henry
fortune
Foreign
length
family
Major
Johnny
scored
revival
residence
followed
resume
Nurses
carbohydrate
published
containing
knows
British
Though
titled
title
Melito
series
sister
named
skiing
Kerri
George
DionRunaround
computer
first
coolersThe
highestrated
every
escaped
Romes
chloride
Latin
showered
fetus
playoff
Station
dance
famous
horse
Lions
water
African
beach
started
Basinger
Rickys
WashburnValleriLast
philosopher
completing
wrench
school
2word
Address
Monaco
novel
Italy
never
dozen
president
mothers
Kappa
Asian
philip
equator
Desis
means
Mississippi
stadium
Found
invented
silica
Englands
round
process
Julia
streets
author
Samuel
Breakfast
duran
cooked
musical
Marseilles
Wilbur
Hardings
called
sense
Pains
Patty
Hamlet
Chinese
million
Twain
Grafton
Protestant
stamp
hole-in-one
island
Indianapolis
Harry
brand
Working
rising
First
Patrick
Buffy
nothing
never
round
honor
medicine
first
religion
counties
(from
birds
presidents
years
means
irving
newspaper
grass
Portugal
British
Dating
pudding
TunneyGene
wrote
typically
carrier
decorate
Cleaver
gases
group
Charlie
president
personality
inventor
Mountains
World
Cardinal
movie
islands
groovy
often
harold
reports
Italian
sponsor
Halloween
biography
dollar
country
Trilogy
American
carve
president
official
heard
Written
winter
poivre
1975Youd
largest
country
legend
Disappointment
parents
Sultanate
Harvardclass
raven
childrens
festival
designer
novel
first
nation
found
Solomons
capital
brothers
phrase
plays
jennifer
National
measure
hearing
Oscar
Based
1957Elvis
Greek
letter
level
civil
Atalanta
single
country
lipstick
title
Sherman
Bastille
President
years
Denver
continent
First
winning
Muslim
Hindenburg
Question
company
Museum
House
factory
current
Angels
River
blink
April
county
cereal
South
event
means
onearmed
Chapter
school
joins
things
musical
Flintstones
Genesis
naked
Palace
4letter
years
national
Different
ducks
first
first
novel
agent
latest
winner
offerings
first
Juilliard
father
clothes
museum
known
Scary
Shining
Doubtfire1993
fabulist
Micmac
William
People
ballet
exclamation
green
Cather
Stone
Edward
Australia
partly
turned
empire
seven
dance
Scrimmage
first
sweetened
works
blood
Administration
company
capital
burns
specialist
Taylor
Daedalus
irish
symphony
France
paper
Elvis
March
Seinfeld
brazen
brand
authors
politician
Diane
marsupial
played
planet
starred
cream
Island
baron
beginning
waves
pilot
caught
first
sales
element
taking
literally
means
Angels
horse
mount
paired
capital
Fossil
woman
dirty
power
remember
white
Think
several
Divine
evangelist
Critique
known
Puzzle
Though
Chris
trophy
watch
exhibits
author
library
Laughter
often
Hotel
narrates
Patience
square
played
called
first
Actthe
published
Margaret
grandson
state
named
handy
Heres
character
labor
broken
American
church
helped
shoot
heavy
Since
Kelsey
Greek
south
heard
sauce
Harder
mother
mount
throne
species
January
exwife
Myers
highest
skating
Jonsonsquills
plane
president
named
harry
Diana
Benjamin
Taste
silver
coffee
little
cross
means
named
Ashley
Edward
Bobby
chicken
robert
played
called
Seasons
German
Psalm
colossal
knights
store
English
Sesame
Commandments1956
Father
shake
meaning
Orleans
(bud)
Change
restaurant
March
nickname
variety
title
means
miles
several
wrote
Jesus
points
sitcom
Since
Oscar
Marcus
priceless
music
musical
heart
LewisThe
mountain
NilesDr
author
street
knock
Henny
Nightmare
woman
Marshall
Galen
Classic
things
April
William
point
princess
Mitch
plant
Gates
Jayne
square
Cleveland
waitress
known
marsupial
French
February
admiral
pitcher
album
Winter
McDonalds
March
vampire
voice
magazine
satellite
murals
Crocodilians
patent
Jesus
movie
Canadas
sitcom
opera
1947s
magic
coled
opera
wrote
artist
first
Selective
island
president
Stevens
longestrunning
birthday
Hainan
removal
contract
includes
wonder
crisis
Uniformity
3milelong
journalists
celebrated
Allen
partnership
James
Cleveland
Dutch
British
Olympic
state
Supreme
North
letter
March
state
organization
American
album
people
presentday
British
singer
Nitrogen
Domestic
Motion
series
first
Dutch
natural
group
bridge
gentle
Native
story
first
President
ended
China
Anguagelay
island
Elinor
Willi
serial
statue
making
scene
league
mollusk
novel
Hepatitis
power
capital
Hollywood
canal
Lancaster
jennifer
water
AcapulcoSLEEPY
called
Country
first
yellow
Tibetan
drama
January
Finals
sugar
played
Article
company
setting
Charles
National
Lakers
first
declared
Festival
largest
ballet
novel
letter
Archie
Flying
university
citys
first
students
sculptor
brand
Dennis
called
reasons
Mexicothe
parents
Among
david
Cunard
Akebono
Clinton
narrated
symbol
Christmas
teams
composer
Gustav
wrote
Years
Larry
boots
billion
anthem
train
Phantom
wrote
Trapped
March
notation
composer
exile
1600s
shotguns
Eastern
dictionary
Testament
question
might
Coronados
title
Debuting
years
maxim
ballet
commanded
fabric
succeeded
honor
Though
shark
Hessian
japanese
novel
Ireland
Jubilee
Tudor
alliterative
novel
phrase
Mexican
number
novel
Poona
beverage
German
Marva
Goresh
Candy
Arnold
leader
April
large
angry
Russian
Pedro
DustfryingPeter
goose
means
cheese
black
silent
office
pumpkin
jerky
Professor
companys
independence
referring
loved
broke
Times
William
Battle
Ferris
meters
state
Shakespeare
magazine
Taylor
beans
Polynesia
title
quote
rivers
Jerry
Seamstresses
heard
Grapes
Melvilles
first
opened
voice
Newton
america
Daniel
persecution
Mask1998
American
tournament
English
Ending
amendment
Peleus
Blunt
University
group
rocks
Jasper
called
Bethlehem
capitalsPretoria
captain
Fremont
discovered
short
Ichabod
Strong
Titanic
ships
sentimental
named
president
wrote
jelly
Hotel
competition
Bobby
Galens
miles
charles
split
Calling
department
definition
around
StarSpangled
Robert
today
pinocchio
began
Where
Scout
jewelry
Golden
author
South
grape
country
Baseball
Rhett
fleece
leader
National
Menelaus
Actress
capital
Vigoda
Greek
Venus
Flynt
Philadelphia
stroke
Patton
cells
discovered
write
wrote
horses
prophets
truly
brown
Ibsen
these
Seamen
Caesar
father
abbreviation
played
might
House
element
sends
stories
frozen
mother
valley
statue
Grendel
Retired
cheese
league
played
became
wrote
franklin
Pulitzers
Civil
william
Minuit
first
fashion
sound
coneshaped
scotland
French
coach
cookie
delegates
Special
Dearborn
Charing
Belonging
shown
divorcing
Title
March
Jackie
commonly
French
first
small
ranch
Linked
decorated
author
tropical
named
youngest
Along
horror
album
Sadly
elvis
helpful
novel
symbol
series
company
months
couples
knight
OlivetAlbionKalamazoo
Bizet
meaning
Parade
years
hospital
several
named
Alphonso
epicure
William
Egypt
stone
private
square
dipper
title
Michael
might
Wrong
Lawrence
pinch
mount
Newscaster
opera
countrys
wrote
general
cheese
deals
instrument
Illinois
prophet
played
French
directed
African
poisoned
great
Twins
women
shield
material
Maraschino
snack
musical
student
musical
Johnson
began
liberty
world
sector
Britains
played
company
Fruitflavored
Arthur
circus
leading
Marseillaise
Night
author
stylist
people
CRANE
national
thriller
animals
Greek
Rogets
confessions
william
program
Football
Hawaiian
Nathaniel
Welchs
headstone
number
Massachusetts
character
Johnny
Odysseus
beans
terms
Formed
Armstrong
Jetlagged
painted
Zambia
little
circus
battle
played
issued
deactivated
title
pilgarlic
state
black
1972Ken
Supreme
nickname
Sound
music
light
Island
canada
career
wrinkles
facts
Pulitzer
period
dolls
Although
organs
population
burned
letter
Satan
million
newlyweds
River
avenue
first
cuckoo
makes
forces
shorter
shankshort
first
banner
chord
Dodger
Based
Edward
shows
DetroitNW
scent
language
Chartered
Cable
minute
country
Caesar
etched
Known
crime
butterflies
April
Archaeologists
Stalin
Brachiosaurus
Empire
dishonest
reports
vegetable
September
painting
refer
brand
small
Frank
arrow
pixie
pleasant
coins
losing
traditional
British
first
Albert
title
Blood
company
Childrens
France
anthem
exprinter
scientists
Christmas
uncle
Arabic
small
Texarkana
styrofoam
Lincolnshire
slave
journalism
animal
claws
Awards
derived
dolphin
since
kallahrebbe
paint
capital
stamp
novel
Billy
Burts
ivory
Stanley
River
peasant
novel
JeffersonDeaf
giant
event
species
esoteric
named
character
metal
Frosted
jockey
April
played
stamp
played
Given
place
slang
arthur
Robinson
United
Diego
Arrowhead
Rings
novel
novel
1605Part
might
garden
Jones
Marinus
someone
wrote
variety
Sweet
little
former
country
great
River
black
death
gilbert
Edith
state
father
device
liver
stands
level
takes
theatre
turtles
Number
Museum
pregnant
agent
smith
stamps
Indian
Fairfieldborn
review
international
Virgil
fortunetelling
GreeceLebanonItaly
species
churchill
Russian
statue
predecessor
years
Paleontologist
symbol
Tolstoy
Spanish
album
films
Spain
Cyndi
channel
company
character
citys
Originally
September
Canada
farmers
Kansas
wrote
novel
Founded
Character
padded
first
still
Cambridge
shape
vitamin
title
called
achieving
battle
songs
machine
shredded
perished
Unique
goddess
found
became
leaves
(john
nickname
dents
American
language
group
wright
batman
Brazil
Stephen
Willard
heavenly
contest
popularly
largest
Latvian
heart
country
college
cantata
anthology
disease
newman
Advertising
Drive
state
Funnyman
Venus
Minnie
90210
Frank
NitschkeBart
singers
partying
marquess
tissues
College
BidenYour
diddle
Czech
Dreamed
wrote
curfew
found
Biblical
Highway
AmericasCaracas
these
Christmas
national
bones
alcohol
Athens
breeding
revolution
citys
white
capital
Venetian
countrys
governor
2ndsmallest
terrier
politically
Seeing
middle
chicken
president
Today
Norwegian
promised
nation
called
began
country
Marleys
humans
Mentha
turned
Hospital
cocktail
survey
conqueror
Howard
Gutzon
sounds
Roosevelts
Natascha
2word
winds
notes
London
piano
historys
actually
cities
Delaware
champ
pilgrims
butler
affairs
Disney
hemisphere
Absalom
Smith
summit
wooden
Bridge
House
Morticias
pamphleteer
minutes
opposite
Hampton
bandedRMDLL
State
important
first
maxixe
207foot
drink
georgia"
Calif
nation
Spanish
heavy
series
Buddy
natural
vegetable
Diddle
little
premiere
Antonio
church
composed
Isthmus
clumsy
holiday
epitaph
money
Florida
Carillon
hanging
festival
Shakespeare
author
something
playing
Salmoneus
countess
Largest
ranked
Malcolm
medal
killed
State
Greek
called
country
Ralph
founded
chartered
James
trophy
River
nearly
saying
tallest
these
tubes
France
4channel
state
Virginia
painted
American
classic
astronauts
formula
called
memorial
variety
owner
child
color
anybody
colorful
Summer
breathe
HoseaHaggaiHannah
means
takes
Birks
quality
equals
country
number
wrote
Hollywood
French
brand
chain
bridge
Magic
common
country
Among
4letter
became
death
AAMOF
Paris
DamiettaGharbiyaAswan
Rocket
company
first
Japanese
never
Milton
Partridge
sequel
geometry
largest
played
beret
citys
capital
Things
disaster
horse
payments
Arrows
mount
Aikmans
first
Vietnam
Groucho
dwarf
sitcom
playwright
Among
least
Virginia
parade
company
2word
opinionated
schools
Beatles
operetta
supercolony
phone
flies
treat
working
totally
issue
ghost
Chile
1976Johnny
island
played
plays
goddess
speech
Victoria
expert
Named
PolandEnglandFinland
queen
Grant
chancellor
French
George
River
Williams
afloat
Israels
Ravenels
Growing
elizabeth
country
physics
spoil
Avenue
narrow
swinging
stretches
Times
little
meaning
founded
Around
named
Premiering
particles
police
Instruction
lawless
Peanuts
State
particles
temperature
battle
became
battle
According
ballet
prize
Sofia
Early
range
difficult
sentence
simpson
Oklahoma
museum
first
named
groups
coined
Guinness
World
Henry
Jeopardy
Title
Standing
Numbers
Number
Eugene
December
member
houseelf
newspaper
mountain
company
paint
Russian
Though
Easter
Telly
Salvador
country
novel
fired
relative
lodging
American
broke
Tinker
mammal
another
theyre
president
thing
eyeball
Philippine
Tommy
whales
Estado
horns
Played
Night
sharp
chocolate
amber
opera
creme
blood
thing
shows
meaning
gravy
August
system
words
organ
Snake
university
national
transparent
century
American
twins
photo
letter
sixth
Matthew
manna
Smash
adjective
carries
Cornish
peninsula
Broadway
Ferdinand
Pulitzer
Janes
became
captain
author
magazine
island
indentation
TTFNThis
Sports
Sofia
known
Swedish
Cyprus
stamps
Dulles
Warren
propose
Yankee
system
1660s
given
became
prairie
often
Whole
Henry
Peter
Service
state
Seuss
leader
woman
treaty
magnifique
Yukon
40foot
delivers
america
letter
Australian
coins
stamp
everything
Elvis
novel
played
person
shall
short
Scandinavian
remains
trees
Elizabeth
essays
Croatia
music
energy
wrote
country
Voltaire
Beginning
Joliet
Micronesia
classic
Mickey
insulating
illnesses
sends
Chapter
Thomas
original
abbreviated
Englands
California
painting
constellation
Jason
water
August
incident
RunBorn
Emmys
tragedy
state
center
unlock
assistant
cream
tenderfoot
tiger
first
abrupt
rehab
April
color
country
making
comes
Senate
whose
Henry
Acrophobia
1980I
National
saint
assets
bovine
Galatians
claimed
steve
royal
instrument
complicated
Theyre
court
opera
Supposedly
Rarely
record
formal
could
appeared
Latin
Shirley
together
novel
American
Cheryl
Thanksgiving
Apollo
first
Moose
sleep
instrument
mountain
james
million
British
Mattel
Harry
Built
Richard
music
received
trylon
stage
morning
1800s
speech
myself
discovered
Kauai
would
Elvis
Devils
Times
person
first
opera
magazine
title
played
title
Models
ghosts
French
Grandview
sport
Oldman
KashmirWhole
title
coating
festival
whale
title
author
sequel
Washington
sense
element
1960s
(alexander)
Barnum
months
agreed
state
Collective
branch
Egypt
world
According
DEMON
babys
spider
Indian
swimsuit
Nevada
Oscars
youngest
candy
Louis
president
Wally
first
country
change
capital
played
island
Rolling
Country
industry
feather
queen
princess
movie
found
Chunk
1980Evita
Grasslove2handed
sauce
brother
tomatoes
camel
heaven
wrote
FredGracieWoody
slippery
stands
world
Howard
leader
Striae
1993Jason
device
trail
calendar
these
album
actresses
"love
complex
retired
extra
national
salad
online
awards
character
followup
Hennessy
movie
William
Garden
Times
Trapp
words
IdahoOregon
David
Greenwich
Slovakias
complete
divorce
Lingerie
British
national
seemingly
largest
battle
Little
first
American
label
island
Saudi
president
famous
trail
knight
orange
career
AthosPorthosAramis
baseball
Supreme
first
office
backstabber
impossible
Ironically
casino
pickled
wrote
thats
deformation
window
Packers
Ukranians
capital
Latin
state
pavilion
abbreviation
president
Dining
things
agent
sauce
Richard
Ophelia
million
return
series
blade
standard
astronaut
witch
mixture
jennifer
Ibsen
restaurant
robert
Alexander
national
bridge
commemoration
title
Summer
aviator
British
Derived
voted
better
since
Proverbially
Canaanite
French
History
president
Theodore
sound
battle
cricket
water
stamp
river
Little
large
classic
things
longer
Nonflyer
honorary
Persephones
state
fired
British
ballet
worlds
mentioned
trial
former
London
country
invasion
author
Zodiac
queen
brands
Ideas
Humbert
Rhode
friends
Lincoln
SiriusRigil
Karroo
1937Magic
composer
fringe
Emeril
statue
coldinduced
capital
Tanzania
chatiments
writing
album
began
jingle
visit
state
Grimm
money
william
handy
features
known
piano
phrase
national
country
handle
player
Mexico
piano
wrote
popular
accomplished
Funnelshaped
University
AsianAmerican
President
governor
House
comedienne
wrote
plant
named
sugar
astronomers
first
basketball
corporal
played
Norma
notes
hatchets
capital
engineering
legend
sister
comes
something
wrote
designed
classic
river
silver
Humphrey
state
prime
Mexico
Turkmenistan
First
comes
appeared
software
played
novel
French
first
Walking
October
Prison
given
islands
first
country
Secretary
Island
Books
first
vegetable
baked
leaves
state
First
former
sacrament
wrote
potato
Violent
current
mammal
properties
Moose
Noahs
plague
novel
revolution
ballet
river
national
column
story
physician
author
November
county
Cybill
highlights
DArtagnan
Japan
animal
George
courses
Young
country
learned
1928No
disease
voted
campouts
tomato
painting
Ciceros
focuses
Ingrid
Athleteactor
played
called
Dorothy
Earth
Nathan
According
nations
metal
number
character
Jacob
instrument
national
country
floor
drama
meddling
spunk
debuted
strait
Links
FreestyleGrecoRomanSumo
played
Egypts
Rudolf
method
check
combination
Naked
years
extraterrestrial
Disney
Built
Cliburn
first
process
river
auction
could
Chapter
sound
Geppettos
potent
officer
Indian
features
might
Canada
Oscar
Social
Matthew
obama
island
first
capital
depicted
easternmost
tennis
Joyce
variety
Toddlin
French
Broadway
called
Tecate
daughter
novel
Triple
lawyers
states
Seoul
passed
based
Columbus
Saskatchewan
Alaska
flame
PlayDoh
paint
state
Mandela
Tritanopia
kahua
steep
iliad
kitchen
runnerup
Oscarwinning
state
Armando
slanderous
number
Zodiac
symphony
letter
School
title
first
nickname
Russian
mayor
leadership
benjamin
Jesus
party
Hatchet
Opossum
Japanese
Constitutional
novel
Jesus
durable
think
needle
capital
drama
famously
developed
event
Hotel
discovered
attracts
first
Indianapolis
laude
Reliable
worlds
exuberant
first
something
hail,
uncle
species
country
became
party
first
means
basic
business
Greek
Experts
Chaplin
Saint
territory
designs
Under
economist
twins
flower
church
layer
school
called
Shortest
Goddard
released
Archaeologists
regicide
columnist
feline
water
Southern
borders
Elected
plain
Individual
miles
Famer
found
Rebellion
Romanians
ordained
visiting
syndrome
November
Dancer
comes
Miller
wrote
glass
coach
September
South
Beatles
French
government
balls
wrote
marine
ballet
quotes
nonfiction
surprised
PeekABoo
playwright
condemned
Messiah
Great
military
compete
title
Nimitz
czech
group
grumble
charts
museum
April
beauty
countrys
President
Latin
grocery
Cheryl
featuer
tough
Capulets
Antarctica
river
dressing
World
Position
brothers
title
shells
album
November
breed
tired
think
Steely
postTaliban
fiery
SOSYear
musical
symbol
holeinone
Chaucers
noise
boxing
cross
daughter
Dolley
rocker
chest
lasted
collection
Berliner
named
movement
classic
place
Catherine
films
People
country
British
singer
record
August
group
Gouda
states
Connection
disease
based
point
Michelle
punches
island
happen
machine
Sarah
Divide
nation
Temple
Stieg
daughter
figures
Bovine
"dream
called
Thailand
based
Australian
based
teams
shirt
Athens
General
million
Though
December
title
triangle
Nouns
bands
Bulgarian
Matterhorn
Hannah
Mouseketeer
Apple
Around
Arthur
edible
organ
laughing
Russian
Hotel
ernest
cruciverbalist
Finding
Louis
Owain
palace
university
series
began
largest
Aerosmith
studying
publisher
playbyplay
University
billiard
Varieties
Proverbially
Graders
Zapatistas
structure
Chinese
tense
century
different
Figuratively
Lucio
title
large
Endocrine
flowers
first
career
country
Beatles
wellequipped
named
national
princess
Alessandro
named
medical
April
things
Walloons
school
Steven
colonel
called
union
character
liked
mineral
killed
novel
state
gates
territory
miles
musical
series
Bahrain
Diarist
Sponge
twins
Nikita
magazine
lights
winds
atoll
compound
structure
famous
glass
capital
first
ancient
University
avoid
hyena
Apache
mentioned
College
brand
clams
first
Grand
title
Moses
biennial
Fondue
series
percent
first
World
World
WhamO
According
bones
President
played
small
smallest
Friends
brothers
Ridge
article
island
Keith
Smile
Vegas
1968s
American
shore
statue
George
years
river
aerial
driver
species
Virginia
votes
Beaded
racetracks
novel
musical
stolen
refers
novel
horses
robots
Deuteronomy
suffered
novel
Where
president
World
middle
popular
supreme
Shelter
Garden
Highway
Theres
career
season
nickname
university
Constanze
movie
carrey
Akiko
third
forces
shoes
began
husband
Orlando
Springfield
Thuringen
Nebula
America
instrument
tweet
companys
Noguchi
Either
movies
February
concern
machines
teaching
glands
Twain
several
Truman
tendon
Unfortunately
Charles
Beloved
female
games
language
years
fuels
trolley
largest
series
george
secretarygeneral
drink
Snakes
Colin
Detroit
letter
major
symbol
Peachtree
magazines
defeated
first
bomber
September
bloodsuckers
Diamond
first
island
Black
police
known
Chanel
Traditionally
titles
phrase
chemical
wrote
black
killed
faster
Walter
river
Ralph
can\'t
sound
Vegemite
largest
desert
played
leader
million
great
abraham
together
sitcom
musical
courtroom
flowers
sparsely
wheel
effort
Carson
first
dozen
field
poetic
russell
Refusing
twice
named
Odysseus
bestseller
buried
Elizabeth
Artis
carol
Rhodes
sixth
World
walking
meaning
Happy
church
originally
PittMatt
designers
based
river
Years
marry
Sergeis
musical
Songs
calls
little
1945I
Broadway
states
Appropriately
Welcoming
lawrence
career
sacrament
Peter
title
Cheryl
Proust
named
married
years
Senate
organization
country
sequel
Testament
layered
office
first
Jessica
style
first
former
former
raccoons
squirrel
wrote
1930s
horror
country
author
worship
Laura
number
Newton
Roman
Robinson
Strauss
parts
country
album
Jeopardycom
Napoleon
painting
ShhhYou
State
merry
great
highest
Johnny
Hebrew
Mexican
party
first
members
purple
phrase
golden
marathon
called
group
alloy
trouble
lawyer
stocking
Salinger
Biologically
flank
capital
North
Cloud
Invite
would
moved
movies
cameron
whose
peninsula
cardinal
brand
called
Arethas
keaton
history
square
Reckless
event
traditional
Deuteronomy
capital
topped
Ankara
tennis
Hollywood
planet
Messiah
prime
century
Innocent
Proverbially
festival
strand
north
borough
shape
named
singer
sounds
March
fraud
invented
school
Appointed
Party
fever
country
breaker
bureau
called
Normans
title
David
Channel
george
First
9letter
graduate
Whopper
Channel
grave
union
better
President
European
works
sport
yellow
doses
berry
career
great
Taylors
major
libretto
miles
Masked
oldest
Bemoaning
Probst
Abner
National
Oscar
(bing)
adams
shows
party
short
sitcom
1920s
heard
Shatner
discovered
Depression
statue
nation
Hersheyparks
Aristocrat
Number
nutritious
Escamillo
Kelly
Golden
predicate
chair
splayed
debut
Cheerios
Profession
Jewish
author
Longfellows
Warren
Biblical
Island
Vermont
hammerwielding
comedy
blinded
desert
throng
February
Hopewell
known
guffaw
Condition
Asian
Omaha
Silver
first
state
strip
Archipelago
following
state
Sydney
Barrymore
means
French
brightest
France
actively
France
disco
celebrates
known
resigned
famous
miles
Seuss
thumb
series
actors
Wisconsin
story
might
Ellen
state
freezer
thirds
Mathematician
Washington
auction
Martin
light
stadium
Slide
Actress
Western
downExhead
title
scrubs
flower
funds
wealthy
twice
miles
daughter
Mighty
Flash
flatten
lovers
precedes
Nevadas
Kansas
company
gladys
colorado
meaning
Prince
ONeill
state
Cowboy
juggling
organ
Rooster
Marthas
retired
called
disease
Adventure
first
based
Little
wrote
married
first
first
Diamond
first
company
ballet
15000
thricemarried
operation
Angeles
opposite
instruments
governor
synonym
Verboten
include
inches
animal
would
sport
version
master
without
title
Louisiana
prime
flight
independence
bears
artist
definition
founded
beverage
style
teacher
Constantinople
Americas
state
capital
Museumthe
night
Anthem
began
makeup
Pneumonia
genus
class
instrument
bread
velvet
Cairos
banned
country
takes
novel
stands
someone
Egyptian
Among
Strom
tetched
created
Kentucky
Norwegian
Hollywood
weight
tables
Playing
Reddish
space
flower
Chorus
George
Tyler
proverb
Examples
David
godfather
piece
yellowing
women
common
spice
Ancient
invitation
sports
island
description
Around
March
Chesapeake
Armendariz
British
baseballs
novel
Tarzan
unemployed
Feliz
downgraded
founded
Martian
iceberg
diverged
rations
Britain
state
baseman
early
Homer
first
Paronomasia
Greeks
Range
author
purple
Meaning
vehicles
gentle
system
dance
Among
nation
Cairo
trilogy
initially
judge
Murders
Lincolns
countrys
vultures
language
playing
Plumly
5letter
first
Missouri
festival
Music
shall
mater
bonds
hormone
state
Blitzer
title
curiously
played
member
statue
devoted
engagement
Colony
heard
largest
opera
presents
Heeeres
appearance
support
played
union
Brooke
Denying
Grampians
marathon
court
Ferdinand
small
country
played
punch
called
america
invention
edible
prince
institution
Motrin
novel
trench
Ferdinand
Massachusettsborn
Illinois
state
including
magazine
began
Number
meaning
center
company
Melville
Lower
wolves
company
could
years
Friday
whose
mosquitos
resolution
Mexico
series
Basketball
1851The
Christian
radiation
Central
planet
record
Grolier
played
Monopoly
played
traveled
speak
Gisele
November
watching
Cuckoos
goddess
means
state
department
Neapolitan
Aviator
capital
Hoover
Sistine
played
letters
Another
Hancock
material
Yankee
capital
Frank
countrys
Ringo
called
bridge
birds
always
Missouri
country
library
Reese
BenchleyBoyleOToole
wannabe
safflower
backless
island
party
walter
voltaic
better
Revolutionary
DaughtersMy
police
script
"love
smallest
design
Dancing
2word
stamp
Wrights
Christmas
Jesus
commander
february
known
chicken
Robert
culture
Referring
speed
species
Meaning
actress
world
board
Israel
Simba
Macbeth
killed
called
signed
blood
teacher
According
schedule
president
Hayden
years
little
German
label
Fairbury
nucleus
Pictures
works
river
90210
composer
Venetian
Sicilian
tower
Earths
dough
Clintons
means
fight
reports
early
musical
battle
animals
Robina
elderly
sport
Riesling
trouble
called
funeral
Appropriately
Gardens
Spike
peninsula
gently
vitality
Swings
Moliere
Truman
dolls
"don\'t
cities
Speed
capital
major
Movement
company
first
kangaroo
energy
plant
first
wednesday
recording
Famous
Cheryl
Price
Landing
cheese
actress
Greek
capital
drink
myocardial
Subject
Mondale
Benedict
stick
Northumbria
Richardson2009
goddess
mansion
Lchaim
island
known
layer
president
Arent
president
Title
raisin
Bounty
unhappy
monkey
party
Medal
jerky
Stone
Dramatic
Camera
described
Michigan
grand
native
included
Completes
religion
Philly
Appropriately
author
thriller
Khumbu
charm
Richard
howard
bought
words
could
Pennsylvania
There
Rogers
