news
the movies
capital
the ImperialWahooNorth
the carnivore
cole
the bible
the big
the world
betty
state of the poker
the big
the dictionary
about phrase phrase
ethnic
state capitals
the new cities
state capitals
playwrights
updated
the dictionary
punctuation
the greek
word
the big
dynasty
that's the same
see & double-breasted
birds
the dictionary
Let
parker
the greek
the dictionary
state capitals
food
the james
state of the war
emu
the Hampshire
designated
the movies
texas
Eat
the bible
the africa
weather
capital
the pan
the dictionary
the immigration
the bible
the movies
peak
crossword clues movies
the bible
Death
As
Post
the big
the ancient
the bible
wheat
national meat milk
flop
the dictionary
rousseau)
phoenix
art
business & business
the big
national currency
ballet
Sun
the dictionary
beginning
rebellious
musical century state
al
the greek
state state
Agent
space
the dictionary
rattle
1982
the year
the war
movie battles
see & play
Loeriesfontein
Capital
the big
the greek
farm
the dictionary
movie basketball
the dictionary
word peaks
pirate movies
seasonal
the dictionary
the dictionary
game capital
Sign
loaded
sherry
the 19th
pen parks
the dictionary
brand & brand
the new body
treated
"one
the new song
the old
war
the new testament
the movies
the dictionary
business & sitcom
bedroom
word words
opera
the movies
religion
the movies
the Lubelski
literary authors
Try
the dictionary
the tubers
magazines
the bible
the dictionary
the dictionary
the greek
shoes
parker movies
islands
the movies
hot park
really private
the diana
cole
the movies
apply
the same
art
perfume
the world
the dictionary
the dictionary
the fire
the new testament
movie theory
authors
patron
the ancient
the dictionary
Let
love
the big
the man
the dictionary
makeup
the dictionary
13th century 1871
the movies
the big
state of the horse
Evil
al
Gene
potato
independence & independence
21
abandoned
jury
the sons
printed
the world
nursery nursery
the world
love
the dictionary
the dictionary
the year
makeup
training
oz"
the phrase phrase
finance
the fire
abbreviated
classic movie songs
word phrase
the states
sports
sellers
ballet
musical century
the class
the new building
sports last williams
the greek
state of the pope
epic
the crested
business
the rockets
1982
the city
historic names
the vice vice
liverpool
the states
musical century Laurey
Two
the bible
word language
business & business
the big
the greek
period
the war
warner aluminum
the new testament
inventive capture
gaye
houston
the dictionary
the new exports
amount
bear
tv movies
the 1940
closest
the movies
word
the dictionary
the dictionary
word law
the old
word
train"
Waltz
the dictionary
the circus
tv movies
tv movies
the dictionary
dance
the new crawford
art
dance
fruit
flags
recording
state of love
national park
playwrights
yoga yoga
birds
the greek
the new testament
musical century musical
rodents
flick
national running
tv movies
the movies
ONeal
state capitals
roads
(university
the movies
al
candy
the crawl
musical century
the movies
sleep
the dictionary
from the greek
the big
art
jewelry
the world
corner
jay
state words
the rio
the bible
terrain
art
Summit
word tea
the calendar
the movies
the auto
endangered Unlike
the war
the greek
state of state
the movies
state fish
Chile
1862
the old
word
the boss
the new locusts
the big
chris
shark
the dictionary
the james
the dictionary
musical century birth
the pillars
abhors
dance
opera
the different
the new testament
the new testament
museum
the new big
the union
musical century lively
insects
the vice vice
the dictionary
(created
snack state
the gov
the old time
lane\"
wide
the greek
science
language
deadly company
Architect
state of the parks
the movies
"american
youth first
opera
the dictionary
first &
rodents
the dictionary
state state of state
coffee
string 1
airline Delta
the man
the greek
the new
the mustard
luxembourg
Atlantic
the authors
the dictionary
the dictionary
the bible
fruit
the Owl
the touchdown
war
state of the letter
furniture
word face
war
the movies
the cities
business & business
bear
the dictionary
the big
cook
filed
noodle
the painted
ace
the tomb
the dictionary
Minnesota
comeback
musical century business
state state
Wilson1916
Dark
the body
the new
the dictionary
radiant
Manhattan
