first ladies
common bonds
u.s. geography
organizations
the body human
islands
word origins
animals
the bible
american history
first ladies
animals
business & industry
state capitals
fruits & vegetables
first ladies
flags
before & after
before & after
animals
animals
u.s. cities
word origins
business & industry
literature
animals
world capitals
u.s. geography
potent potables
colleges & universities
u.s. presidents
colleges & universities
world history
literature
the american revolution
science
animals
word origins
holidays & observances
u.s. cities
first ladies
world history
animals
pop music
u.s. geography
sports
animals
literature
word origins
awards
animals
science
fictional characters
business & industry
television
opera
pop music
colleges & universities
astronomy
animals
television
state capitals
literature
the movies
animals
animals
colleges & universities
musical theatre
world capitals
colleges & universities
literature
world history
state capitals
languages
sports
animals
state capitals
food
u.s. cities
colleges & universities
animals
familiar phrases
authors
u.s. geography
authors
literature
world capitals
u.s. presidents
u.s. cities
first ladies
literature
world geography
the oscars
u.s. presidents
before & after
literature
literature
languages
u.s. geography
history
state capitals
science
drop a letter
islands
before & after
musical instruments
state capitals
world geography
authors
authors
opera
first ladies
world capitals
science
musical instruments
world capitals
colleges & universities
war stories
islands
fashion
u.s. presidents
foreign words & phrases
the movies
islands
the movies
world capitals
world history
u.s. geography
awards
u.s. presidents
musical theatre
animals
literature
royalty
islands
literature
first ladies
first ladies
before & after
awards
pop music
before & after
animals
mythology
fictional characters
islands
business & industry
languages
holidays & observances
word origins
u.s. cities
first ladies
bodies of water
fictional characters
television
islands
word origins
art
animals
word origins
word origins
animals
april
science
mountains
opera
science
islands
state capitals
transportation
women authors
body language
colleges & universities
museums
literature
the movies
animals
languages
animals
islands
colleges & universities
word origins
world capitals
business & industry
word origins
quotations
where am i?
quotations
television
organizations
animals
fictional characters
explorers
colleges & universities
you do the math
literature
before & after
literature
animals
first ladies
animals
state capitals
before & after
composers
architecture
world capitals
science
pen names
islands
literature
religion
science
business & industry
science
literature
sports
women's firsts
islands
animals
first ladies
word origins
animals
state capitals
familiar phrases
pop music
animals
business & industry
literature
before & after
before & after
state capitals
before & after
organizations
animals
television
television
animals
literature
world capitals
word origins
animals
before & after
authors
animals
u.s. presidents
fictional characters
adjectives
literature
islands
science
literature
sports
languages
animals
science
ballet
before & after
u.s. presidents
literature
vice presidents
the movies
american history
the queen's english
history
transportation
literature
science
potent potables
american history
television
state capitals
botany
world history
science
word origins
opera
islands
u.s. states
first ladies
musical theatre
nursery rhymes
astronomy
pop music
literature
holidays & observances
science
museums
the movies
word origins
world capitals
literature
business & industry
number, please
pop music
u.s. cities
u.s. geography
u.s. presidents
before & after
ballet
islands
islands
colleges & universities
world capitals
literature
first ladies
where am i?
animals
u.s. cities
animals
art
nursery rhymes
u.s. states
where am i?
organizations
sports
islands
pop music
holidays & observances
american history
museums
animals
sports
awards
literature
american history
the white house
u.s. geography
american history
business & industry
opera
science
islands
composers
literature
math
first ladies
islands
bodies of water
shakespeare
history
u.s. geography
colleges & universities
opera
u.s. cities
islands
word origins
world capitals
world capitals
sculpture
languages
you do the math
authors
literature
world history
science
royalty
literature
ballet
poets & poetry
world capitals
the supreme court
islands
television
animals
islands
first ladies
colleges & universities
world geography
before & after
the movies
literature
countries of the world
word origins
literature
shakespeare
the toyota grand prix of long beach
colleges & universities
world capitals
art & artists
literature
pro football
animals
world capitals
american history
holidays & observances
first ladies
mythology
languages
literature
languages
sports
word origins
word origins
languages
word origins
museums
american history
sports
u.s. presidents
literature
transportation
u.s. presidents
animals
architecture
u.s. states
television
art & artists
colleges & universities
the movies
awards
world history
islands
u.s. cities
world capitals
bodies of water
science
business & industry
authors
literature
science
history
food
dance
awards
mountains
american history
business & industry
the bible
musical instruments
first ladies
art & artists
word origins
food
colleges & universities
u.s. geography
world history
word origins
animals
state capitals
business & industry
u.s. cities
mountains
state capitals
world history
first ladies
science
animals
annual events
literature
the bible
pop music
march
television
business & industry
april
literature
first ladies
before & after
royalty
opera
u.s. geography
science
science
u.s. cities
science
world capitals
animals
u.s. cities
letter perfect
u.s. cities
before & after
the bible
animals
the elements
animals
awards
u.s. presidents
state capitals
composers
u.s. geography
animals
generals
religion
animals
before & after
animals
u.s. cities
business & industry
the movies
opera
quotations
grover cleveland
american history
languages
science
animals
opera
first ladies
animals
u.s. cities
world capitals
animals
islands
animals
literature
literature
business & industry
before & after
mountains
literature
animals
sports
you do the math
first ladies
islands
state capitals
science
literature
opera
television
museums
literature
first ladies
word origins
literature
u.s. geography
countries of the world
mountains
before & after
word origins
u.s. cities
letter perfect
science
state capitals
literature
musical instruments
animals
musical instruments
musical instruments
word origins
pop music
before & after
fictional characters
islands
colleges & universities
pop music
literature
the oscars
first ladies
literature
u.s. presidents
word origins
the movies
u.s. cities
american history
word origins
opera
literature
colleges & universities
first ladies
world history
colleges & universities
television
islands
literature
animals
u.s. geography
u.s. cities
u.s. cities
opera
annual events
world geography
sports
animals
literature
you do the math
ballet
literature
first ladies
world history
before & after
animals
classical music
u.s. cities
word origins
colleges & universities
science
u.s. cities
world geography
animals
before & after
before & after
science
islands
before & after
world geography
animals
literature
sports
animals
word origins
american history
annual events
history
colleges & universities
first ladies
first ladies
literature
the civil war
word origins
literature
sports
history
world geography
musical instruments
art & artists
museums
bodies of water
the movies
nursery rhymes
islands
sports
signs & symbols
first ladies
american history
pop music
word origins
highways & byways
u.s. presidents
musical theatre
islands
literature
u.s. presidents
animals
business & industry
languages
world history
science
literature
colleges & universities
science
fruits & vegetables
literature
islands
animals
before & after
animals
islands
mountains
literature
people
television
literature
before & after
science
animals
first ladies
colleges & universities
organizations
colors
sports
world geography
american history
quotations
colleges & universities
science
american history
animals
colleges & universities
the movies
colors
before & after
museums
animals
word origins
before & after
poets & poetry
animals
before & after
american history
animals
holidays & observances
animals
u.s. cities
first ladies
the bible
first ladies
art
american history
u.s. geography
governors
literature
islands
ballet
animals
actors & actresses
quotations
religion
mountains
u.s. presidents
animals
first ladies
before & after
colors
before & after
flowers
state capitals
first ladies
musical instruments
word origins
mountains
literature
animals
before & after
ballet
u.s. presidents
math
television
television
literature
colleges & universities
science
jordan with queen rania
literature
world leaders
languages
science
russian history
science
colleges & universities
state capitals
science
hotels
shakespeare
brand names
literature
animals
american history
state capitals
first ladies
colleges & universities
holidays & observances
world capitals
museums
world capitals
world history
royalty
bridges
world geography
organizations
first ladies
national parks
first ladies
saints
animals
islands
mythology
transportation
word origins
before & after
composers
colleges & universities
state capitals
world history
animals
islands
literature
saints
number, please
television
authors
the bible
literature
animals
art & artists
literature
shakespeare
the bible
animals
literature
u.s. presidents
sports
classical music
world capitals
state capitals
u.s. geography
the bible
world history
u.s. presidents
quotations
famous pairs
before & after
colleges & universities
science
animals
before & after
before & after
literature
musical theatre
languages
food
before & after
world geography
world history
word origins
science
animals
u.s. cities
u.s. cities
colors
u.s. geography
oscar-winning songs
holidays & observances
fictional characters
science
history
languages
first ladies
bodies of water
world capitals
literature
before & after
art & artists
languages
literature
literature
science
history
animals
state capitals
world capitals
fictional characters
word origins
word origins
languages
science
literature
literature
bodies of water
opera
the bible
science
literature
islands
science
history
before & after
world history
science
colleges & universities
word origins
literature
magazines
animals
science
shakespeare
awards
state capitals
world capitals
science & nature
museums
colleges & universities
animals
animals
animals
islands
business & industry
quotations
animals
word origins
world history
animals
literature
literature
business & industry
u.s. presidents
u.s. geography
quotations
word origins
science
animals
world history
literature
add a letter
islands
first ladies
u.s. cities
pop music
inventors
american history
business & industry
world history
musical instruments
science
nursery rhymes
awards
colleges & universities
the movies
literature
animals
islands
magazines
u.s. presidents
short stories
art & artists
history
islands
animals
literature
the movies
the movies
islands
animals
word origins
sports
first ladies
science
before & after
the american revolution
libraries
magazines
awards
authors
bodies of water
islands
science
art & artists
literature
sports
animals
u.s. presidents
flowers
colleges & universities
first ladies
fruits & vegetables
state capitals
word origins
state capitals
april
animals
science
word origins
metals
poets & poetry
the bible
pop music
science
science
before & after
word origins
before & after
colleges & universities
sports
sports
literature
the movies
islands
before & after
animals
first ladies
state capitals
museums
word origins
opera
world geography
before & after
science
pop music
magazines
science
art
science
before & after
museums
literature
animals
before & after
april
bodies of water
languages
awards
sports
literature
colleges & universities
literature
the american revolution
science
u.s. geography
art & artists
u.s. geography
science
world history
science
u.s. cities
literature
literature
fictional characters
world geography
world history
science
quotations
animals
astronomy
american history
magazines
science
world history
chess nuts
world history
holidays & observances
word origins
the movies
word origins
museums
word origins
literature
u.s. presidents
american history
u.s. presidents
state capitals
u.s. presidents
food
islands
national parks
u.s. geography
mythology
islands
number, please
american history
composers
literature
islands
common bonds
television
world capitals
colleges & universities
people
u.s. cities
animals
before & after
world capitals
brand names
word origins
world capitals
science
business & industry
history
u.s. presidents
literature
animals
middle names
science
food
pop music
state capitals
literature
islands
u.s. cities
u.s. cities
musical instruments
american history
colleges & universities
animals
royalty
musical instruments
fruits & vegetables
the civil war
word origins
classical music
colleges & universities
u.s. presidents
word origins
americana
colleges & universities
u.s. cities
world geography
u.s. presidents
sports
world capitals
animals
literature
islands
first ladies
first ladies
science
before & after
government & politics
ballet
authors
islands
literature
classical music
literature
colors
first ladies
literature
word origins
literature
before & after
museums
middle names
american history
world history
animals
word origins
the bible
business & industry
organizations
literature
geography
animals
pronouns
world capitals
u.s. states
state capitals
u.s. geography
fictional characters
literature
word origins
business & industry
transportation
animals
word origins
colleges & universities
science
world capitals
name that century
u.s. geography
islands
science
literature
science
islands
state capitals
science
u.s. cities
awards
scientists
astronomy
word origins
shakespeare
bodies of water
mountains
business & industry
bodies of water
islands
literature
science
mountains
foreign words & phrases
literature
science
science
science
world history
world capitals
state capitals
opera
islands
first ladies
before & after
animals
literature
literature
common bonds
business & industry
word origins
business & industry
history
literature
awards
pop music
common bonds
the movies
holidays & observances
science
foreign words & phrases
biology
literature
organizations
animals
literature
u.s. presidents
the movies
islands
royalty
first ladies
religion
u.s. stamps
colleges & universities
world history
islands
history
museums
shakespeare
word origins
first ladies
u.s. geography
literature
highways & byways
world history
scientists
television
cable channels
world geography
first ladies
state capitals
literature
before & after
languages
american history
magazines
word origins
before & after
the civil war
languages
languages
world geography
transportation
nursery rhymes
world capitals
animals
sports
women's firsts
u.s. geography
world capitals
food
world history
the movies
ballet
first ladies
literature
american history
business & industry
sports
state capitals
bodies of water
before & after
art & artists
word origins
animals
animals
world history
the civil war
the movies
science
animals
world capitals
governors
american history
science
mountains
where am i?
first ladies
animals
world capitals
transportation
colleges & universities
colleges & universities
word origins
science
adjectives
television
organizations
animals
nonfiction
science
literature
before & after
islands
sports
mountains
animals
word origins
science
animals
colleges & universities
literature
science
musical instruments
languages
animals
before & after
science
animals
first ladies
biology
before & after
literature
american history
business & industry
animals
world history
u.s. presidents
shakespeare
before & after
american history
transportation
fruits & vegetables
the bill of rights
science
literature
science
animals
world capitals
magazines
the movies
americana
american history
animals
word origins
literature
u.s. cities
musical theatre
animals
u.s. cities
religion
state capitals
literature
quotations
before & after
word origins
history
animals
u.s. cities
colleges & universities
the oscars
science
museums
before & after
first ladies
world capitals
state capitals
word origins
world capitals
state capitals
holidays & observances
awards
word origins
museums
animals
sports
organizations
television
colleges & universities
architecture
american history
literature
islands
art & artists
geography
word origins
word origins
the oscars
sports
world capitals
colleges & universities
musical instruments
u.s. geography
colleges & universities
word origins
u.s. geography
science
literature
islands
literature
state capitals
literature
first ladies
science
literature
mountains
science
organizations
before & after
world history
animals
herbs & spices
the movies
u.s. cities
television
animals
literature
the movies
literature
colleges & universities
u.s. states
opera
science
islands
u.s. geography
first ladies
authors
american history
islands
poets & poetry
museums
word origins
the civil war
first ladies
u.s. cities
classical music
organizations
science
american history
foreign words & phrases
the american revolution
poets & poetry
u.s. cities
art
state capitals
holidays & observances
first ladies
u.s. presidents
television
annual events
animals
where am i?
before & after
shakespeare
authors
science
first ladies
first ladies
u.s. presidents
american history
authors
world geography
islands
world capitals
medical checkup
pop music
colleges & universities
museums
science
animals
authors
number, please
literature
world geography
colleges & universities
word origins
u.s. cities
before & after
world geography
world capitals
state capitals
word origins
literature
american history
literature
state capitals
islands
the simpsons
magazines
sports
opera
business & industry
u.s. states
islands
animals
islands
languages
u.s. presidents
literature
science
before & after
quotations
islands
science
before & after
the movies
television
colleges & universities
science
science
animals
state capitals
science
animals
u.s. geography
islands
sports
science
islands
architecture
museums
animals
simply simon
shakespeare
the movies
pop music
cheese
american history
musical instruments
science
world capitals
u.s. geography
languages
word origins
world history
world history
word origins
foreign words & phrases
quotations
potent potables
colleges & universities
before & after
science
literature
word origins
number, please
animals
royalty
women's firsts
pop music
literature
colors
animals
world history
science
museums
science
signs & symbols
holidays & observances
sports
history
state capitals
science
islands
world history
state capitals
museums
animals
explorers
holidays & observances
art & artists
animals
literature
literature
literature
literature
u.s. cities
american history
colleges & universities
colors
u.s. geography
state capitals
literature
languages
science
organizations
opera
ballet
world history
government & politics
world geography
business & industry
musical instruments
word origins
colleges & universities
u.s. states
dance
brand names
fruits & vegetables
middle names
literature
state capitals
languages
u.s. cities
world capitals
islands
islands
the bible
literature
foreign words & phrases
animals
mouse pads
dance
government & politics
world history
american history
nursery rhymes
pop music
literature
before & after
pop music
quotations
science
television
furniture
colleges & universities
weights & measures
sports
actors & actresses
science
languages
literature
languages
word origins
word origins
literature
world capitals
languages
word origins
astronomy
languages
fictional characters
world capitals
fictional characters
world history
u.s. presidents
u.s. geography
islands
colleges & universities
the movies
u.s. geography
word origins
literature
national parks
business & industry
shakespeare
world capitals
science
word origins
islands
world capitals
museums
first ladies
foreign words & phrases
first ladies
first ladies
colors
science
the movies
mountains
american history
languages
before & after
musical theatre
business & industry
television
science
world history
animals
literature
u.s. cities
museums
first ladies
word origins
first ladies
science
science
museums
organizations
bodies of water
animals
countries of the world
american history
bodies of water
languages
literature
business & industry
mountains
musical instruments
authors
science
word origins
washington
islands
animals
animals
islands
musical theatre
world capitals
literature
musical instruments
before & after
bodies of water
botany
islands
letter perfect
world geography
business & industry
art & artists
television
islands
women's firsts
before & after
world capitals
organizations
sports
languages
u.s. geography
poets & poetry
business & industry
islands
word origins
business & industry
word origins
the dreaded spelling category
business & industry
musical instruments
the bible
american history
art & artists
animals
women's firsts
astronomy
the american revolution
shakespeare
word origins
people
literature
organizations
word origins
world geography
animals
u.s. presidents
science
first ladies
world capitals
first ladies
museums
organizations
art
islands
languages
word origins
islands
world capitals
number, please
animals
islands
literature
transportation
science
u.s. geography
animals
literature
bodies of water
magazines
world capitals
science
colleges & universities
word origins
animals
animals
world capitals
u.s. presidents
science
u.s. cities
colors
the movies
musical instruments
word origins
science
animals
state capitals
museums
animals
literature
colleges & universities
musical instruments
animals
annual events
u.s. states
science
world history
american history
world history
state capitals
colleges & universities
business & industry
word origins
women's firsts
colleges & universities
world leaders
literature
u.s. cities
literature
word origins
business & industry
authors
colleges & universities
world geography
animals
mythology
musical theatre
before & after
television
before & after
colleges & universities
animals
poets & poetry
foreign words & phrases
science
science
authors
the civil war
television
science
government & politics
world history
national parks
literature
american history
animals
before & after
musical instruments
ballet
pop music
u.s. geography
business & industry
science
american history
where am i?
television
u.s. presidents
state capitals
word origins
science
word origins
where am i?
languages
state capitals
museums
before & after
bodies of water
annual events
u.s. presidents
languages
sports
state capitals
animals
u.s. cities
first ladies
quotations
architecture
first ladies
world capitals
the civil war
museums
animals
musical theatre
literature
science
pop music
sports
literature
animals
science
u.s. states
museums
word origins
architecture
science
american history
the movies
science
annual events
history
u.s. presidents
science
islands
business & industry
literature
musical theatre
theatre
literature
first ladies
u.s. geography
history
musical instruments
languages
literature
the movies
authors
opera
national parks
animals
literature
national parks
u.s. presidents
holidays & observances
religion
islands
museums
u.s. geography
science
holidays & observances
u.s. states
art & artists
u.s. cities
the movies
u.s. geography
awards
sports
literature
u.s. geography
television
languages
sports
organizations
television
word origins
the oscars
colleges & universities
you do the math
first ladies
literature
literature
world capitals
u.s. states
u.s. presidents
transportation
science
u.s. geography
animals
musical instruments
american history
u.s. cities
foreign words & phrases
organizations
islands
state capitals
science
science
american literature
animals
animals
u.s. cities
word origins
pop music
world history
before & after
bodies of water
languages
islands
science
word origins
word origins
weights & measures
american history
word origins
word origins
american history
art & artists
literature
world geography
literature
animals
u.s. geography
languages
animals
animals
colleges & universities
u.s. cities
literature
u.s. geography
animals
word origins
word origins
literature
sports
foreign words & phrases
science
first ladies
art & artists
word origins
transportation
animals
bodies of water
classical music
u.s. cities
the american revolution
islands
the american revolution
world capitals
anatomy
business & industry
animals
word origins
television
you do the math
colleges & universities
science
where am i?
colleges & universities
before & after
u.s. presidents
musical instruments
fictional characters
world history
literature
before & after
literature
the american revolution
literature
animals
you do the math
hotels
colors
bridges
languages
business & industry
literature
business & industry
world history
colleges & universities
islands
annual events
quotations
art & artists
business & industry
animals
world capitals
first ladies
colleges & universities
literature
languages
science
fictional characters
american history
opera
literature
the body human
bodies of water
musical theatre
science
before & after
museums
word origins
state capitals
the movies
newspapers
literature
opera
animals
before & after
you do the math
the movies
first ladies
the civil war
world history
animals
adjectives
highways & byways
colleges & universities
singers
the movies
literature
islands
patron saints
world history
animals
animals
holidays & observances
islands
pop music
women's firsts
organizations
u.s. cities
museums
languages
museums
world history
animals
animals
science
holidays & observances
literature
the cabinet
religion
the movies
science
u.s. geography
animals
word origins
business & industry
word origins
literature
u.s. cities
mythology
languages
april
animals
foreign words & phrases
world capitals
before & after
science
organizations
business & industry
business & industry
history
science
common bonds
musical instruments
the american revolution
opera
u.s. states
april
word origins
world history
animals
animals
animals
literature
opera
organizations
world history
science
first ladies
letter perfect
literature
colors
television
animals
before & after
first ladies
royalty
u.s. presidents
before & after
the body human
authors
colleges & universities
word origins
before & after
musical instruments
word origins
transportation
quotations
poets & poetry
animals
animals
science
fictional characters
u.s. geography
state capitals
world history
awards
science
u.s. cities
animals
literature
islands
ballet
history
colleges & universities
opera
science
libraries
colleges & universities
museums
bodies of water
ballet
business & industry
u.s. cities
world geography
u.s. geography
u.s. cities
u.s. states
animals
literature
business & industry
languages
foreign words & phrases
before & after
literature
art & artists
the united nations
libraries
u.s. geography
first ladies
languages
world capitals
colleges & universities
ballet
business & industry
national parks
world history
islands
literature
literature
animals
the bible
islands
u.s. stamps
animals
world capitals
animals
authors
word origins
animals
common bonds
ballet
the body human
the oscars
literature
animals
science
literature
literature
literature
alphabetically last
state capitals
state capitals
before & after
television
word origins
state capitals
before & after
state capitals
fruits & vegetables
potent potables
world capitals
sports
state capitals
the bible
languages
food
business & industry
colleges & universities
number, please
islands
sports
world capitals
animals
u.s. presidents
american history
state capitals
u.s. presidents
the bible
languages
animals
literature
animals
science
animals
state capitals
u.s. presidents
literature
art & artists
literature
u.s. geography
business & industry
literature
science
animals
ballet
sports
literature
history
u.s. states
science
u.s. states
science
opera
business & industry
colleges & universities
sports
business & industry
u.s. presidents
animals
world capitals
languages
animals
animals
state capitals
science
sports
u.s. cities
government & politics
before & after
word origins
islands
call me smitty
word origins
word origins
literature
sports
word origins
the bible
word origins
literature
u.s. presidents
bodies of water
pop music
the movies
u.s. cities
history
science
books & authors
animals
colleges & universities
first ladies
inventors
the civil war
word origins
literature
literature
u.s. geography
literature
science
before & after
languages
animals
science
organizations
animals
state capitals
islands
before & after
sports
state capitals
science
colleges & universities
fruits & vegetables
literature
word origins
languages
animals
holidays & observances
women's firsts
word origins
before & after
sports
islands
fictional characters
animals
science
shakespeare
science
world geography
animals
science
literature
animals
islands
islands
science
languages
literature
literature
before & after
state capitals
museums
islands
science
u.s. cities
animals
state capitals
animals
islands
science
islands
word origins
literature
history
literature
television
annual events
islands
animals
u.s. states
mythology
world history
before & after
animals
islands
before & after
magazines
television
business & industry
languages
middle names
first ladies
world history
the civil war
u.s. geography
where am i?
business & industry
state capitals
ballet
literature
state capitals
the movies
u.s. states
animals
islands
authors
bodies of water
literature
science
potent potables
business & industry
history
first ladies
word origins
word origins
science
missing links
literature
women's firsts
american history
first ladies
first ladies
state capitals
first ladies
the supreme court
world capitals
fruits & vegetables
fictional characters
languages
pop music
before & after
state capitals
first ladies
business & industry
science
musical instruments
world history
u.s. presidents
magazines
euro coins
business & industry
annual events
islands
american history
islands
the bible
animals
before & after
sports
the elements
the movies
before & after
literature
opera
word origins
art & artists
fictional characters
before & after
u.s. geography
colleges & universities
literature
u.s. cities
literature
animals
transportation
word origins
literature
world capitals
history
number, please
word origins
animals
world geography
science
the movies
letter perfect
before & after
authors
foreign words & phrases
metals
colleges & universities
literature
u.s. presidents
gilbert & sullivan
world history
animals
art & artists
history
the movies
art
u.s. cities
sports
state capitals
magazines
before & after
government & politics
opera
science
islands
business & industry
u.s. presidents
animals
colleges & universities
world geography
television
u.s. geography
science
business & industry
television
sports
authors
the movies
islands
world geography
before & after
animals
before & after
world history
animals
colleges & universities
first ladies
word origins
world geography
islands
word origins
literature
word origins
awards
art & artists
animals
museums
u.s. cities
annual events
before & after
colleges & universities
the rolling stones
world capitals
poets & poetry
u.s. presidents
business & industry
the civil war
quotations
dogs
science
science
animals
u.s. presidents
fictional characters
fruits & vegetables
highways & byways
literature
animals
literature
u.s. presidents
first ladies
u.s. geography
fictional characters
pop music
islands
before & after
world history
word origins
world capitals
science
fruits & vegetables
world history
american history
u.s. presidents
museums
art
animals
the body human
religion
food
poets & poetry
languages
pop music
literature
business & industry
word origins
u.s. presidents
u.s. geography
literature
world history
islands
science
bodies of water
sports
word origins
word origins
shakespeare
magazines
world geography
history
art & artists
business & industry
islands
organizations
islands
the animal kingdom
animals
foreign words & phrases
word origins
pop music
bodies of water
animals
literature
science
languages
animals
world capitals
languages
musical instruments
the bible
the oscars
sports
american history
awards
awards
history
animals
opera
art & artists
literature
word origins
authors
animals
literature
animals
museums
history
food
first ladies
literature
islands
literature
literature
animals
the body human
word origins
animals
inventors
word origins
literature
animals
science
animals
world history
literature
languages
animals
the civil war
museums
u.s. geography
science
sports
authors
world geography
science
museums
before & after
animals
animals
animals
colleges & universities
religion
u.s. presidents
science
annual events
history
state capitals
animals
countries of the world
u.s. presidents
first ladies
animals
first ladies
u.s. presidents
shakespeare
ships
vice presidential rhyme time
religion
literature
science
colleges & universities
science
world history
before & after
first ladies
science
saints
science
before & after
museums
musical instruments
u.s. states
science
u.s. states
u.s. cities
state capitals
u.s. states
religion
business & industry
number, please
islands
u.s. cities
spot the pooch
history
animals
world capitals
annual events
u.s. cities
fruits & vegetables
television
art
foreign words & phrases
first ladies
countries of the world
first ladies
people
science
animals
animals
languages
animals
islands
word origins
composers
people
animals
colleges & universities
u.s. geography
where am i?
colleges & universities
state capitals
bodies of water
literature
television
colleges & universities
business & industry
u.s. geography
state capitals
languages
u.s. presidents
u.s. geography
state capitals
world history
authors
literature
first ladies
first ladies
u.s. geography
colleges & universities
literature
museums
colleges & universities
state capitals
quotations
architecture
museums
art & artists
before & after
before & after
animals
word origins
islands
world leaders
potent potables
science
you do the math
the american revolution
organizations
shakespeare
science
months
science
literature
literature
animals
colleges & universities
before & after
literature
science
the american revolution
word origins
literature
literature
literature
first ladies
state capitals
literature
word origins
magazines
animals
u.s. cities
literature
u.s. presidents
signs & symbols
u.s. presidents
the movies
u.s. presidents
the movies
television
literature
word origins
television
sports
scientists
american history
the movies
business & industry
the movies
literature
animals
before & after
opera
pop music
animals
transportation
colleges & universities
history
u.s. geography
u.s. geography
science
state capitals
literature
the toyota grand prix of long beach
authors
animals
before & after
before & after
people
american history
word origins
science
awards
u.s. presidents
before & after
organizations
history
world capitals
business & industry
u.s. cities
world geography
american history
u.s. stamps
first ladies
before & after
science
organizations
languages
awards
the bible
literature
languages
musical theatre
colors
literature
u.s. presidents
u.s. geography
american history
colleges & universities
architecture
first ladies
world history
science
world capitals
animals
animals
mountains
languages
sports
musical instruments
state capitals
islands
bodies of water
museums
holidays & observances
u.s. geography
islands
middle names
museums
u.s. cities
-ologies
television
literature
where am i?
business & industry
literature
islands
science
animals
musical instruments
the movies
musical instruments
first ladies
languages
authors
magazines
national parks
sports
annual events
u.s. geography
animals
colleges & universities
shakespeare
u.s. presidents
animals
fruits & vegetables
word origins
u.s. geography
television
science
languages
animals
women's firsts
colleges & universities
american history
u.s. presidents
state capitals
religion
literature
sports
science
animals
literature
complete the movie quote
science
word origins
first ladies
museums
organizations
literature
world geography
world capitals
science
colleges & universities
before & after
first ladies
world geography
colleges & universities
colleges & universities
colleges & universities
islands
animals
world capitals
ballet
mountains
world geography
world history
word origins
colleges & universities
bodies of water
authors
world capitals
shakespeare
literature
before & after
science
colleges & universities
weights & measures
before & after
art & artists
word origins
u.s. cities
word origins
first ladies
the movies
number, please
you do the math
quotations
literature
u.s. cities
animals
animals
museums
u.s. presidents
the american revolution
state capitals
colleges & universities
first ladies
television
languages
the body human
islands
musical instruments
sports
countries of the world
state capitals
the american revolution
animals
literature
science
opera
science
fruits & vegetables
american history
american history
history
animals
islands
islands
word origins
science
mountains
islands
completes the play title
television
shakespeare
state capitals
u.s. presidents
animals
colleges & universities
animals
organizations
colleges & universities
colleges & universities
word origins
colleges & universities
towers
transportation
colleges & universities
brand names
bodies of water
literature
literature
science
before & after
literature
authors
world geography
word origins
magazines
foreign words & phrases
first ladies
u.s. cities
the white house
composers
business & industry
holidays & observances
letter perfect
from the greek
u.s. cities
organizations
animals
number, please
animals
american history
colleges & universities
state capitals
completes the play title
world capitals
word origins
museums
colleges & universities
u.s. geography
islands
architecture
word origins
archaeology
science
u.s. geography
literature
middle names
science
american history
world capitals
u.s. presidents
literature
business & industry
awards
first ladies
before & after
literature
poets & poetry
first ladies
authors
world history
animals
islands
animals
u.s. states
animals
the bible
museums
food
u.s. geography
animals
u.s. states
the movies
art & artists
u.s. presidents
history
islands
world history
museums
the movies
american history
colleges & universities
literature
first ladies
museums
sports
literature
u.s. presidents
science
literature
transportation
first ladies
religion
first ladies
u.s. geography
world history
business & industry
authors
mountains
colors
first ladies
literature
first ladies
islands
animals
u.s. geography
royalty
signs & symbols
animals
the bible
before & after
word origins
animals
colors
organizations
state capitals
colleges & universities
languages
history
islands
islands
world geography
history
science
pop music
history
word origins
islands
u.s. geography
adjectives
the oscars
languages
u.s. presidents
the movies
common bonds
where am i?
the civil war
animals
first ladies
word origins
quotations
colleges & universities
colleges & universities
national parks
the supreme court
first ladies
foreign words & phrases
animals
body language
world capitals
shakespeare
word origins
transportation
state capitals
science
u.s. cities
world geography
musical theatre
u.s. geography
islands
science
literature
literature
business & industry
science
musical theatre
u.s. presidents
word origins
languages
common bonds
museums
before & after
u.s. geography
animals
state capitals
science
women's firsts
science
before & after
word origins
colleges & universities
countries of the world
animals
literature
quotations
literature
ballet
u.s. geography
u.s. cities
the american revolution
awards
the oscars
animals
u.s. presidents
organizations
animals
science
literature
world geography
state capitals
u.s. states
u.s. geography
u.s. cities
islands
quotations
animals
shakespeare
islands
word origins
u.s. geography
before & after
bodies of water
number, please
add a letter
musical instruments
state capitals
world geography
history
organizations
science
magazines
science
literature
art & artists
state capitals
quotations
word origins
world geography
state capitals
bodies of water
sports
literature
the civil war
science
state capitals
art & artists
before & after
world history
word origins
colleges & universities
first ladies
shakespeare
science
you do the math
add a letter
animals
science
opera
animals
potent potables
world capitals
american history
the oscars
word origins
annual events
u.s. presidents
first ladies
authors
transportation
u.s. presidents
american history
before & after
literature
before & after
authors
science
world history
ballet
explorers
business & industry
animals
opera
islands
middle names
literature
colleges & universities
u.s. cities
business & industry
musical theatre
world history
world geography
science
before & after
business & industry
u.s. geography
word origins
museums
pop music
literature
state capitals
art & artists
before & after
musical theatre
opera
before & after
u.s. presidents
before & after
u.s. presidents
churches & cathedrals
literature
word origins
pop music
u.s. cities
science
quotations
literature
science
shakespeare
sports
literature
first ladies
u.s. geography
science
animals
animals
u.s. geography
u.s. presidents
quotations
u.s. cities
literature
politicians
colleges & universities
u.s. presidents
state capitals
ballet
art & artists
familiar phrases
before & after
animals
religion
word origins
languages
word origins
u.s. cities
animals
authors
word origins
u.s. presidents
television
science
sports
languages
awards
animals
sports
awards
holidays & observances
word origins
science
science
islands
pop music
magazines
literature
literature
science
u.s. cities
religion
before & after
word origins
first ladies
annual events
literature
state capitals
foreign words & phrases
state capitals
history
business & industry
american history
science
magazines
before & after
world history
museums
quotations
before & after
signs & symbols
word origins
brand names
islands
where am i?
musical instruments
literature
animals
literature
literature
word origins
u.s. cities
mountains
organizations
literature
islands
animals
world capitals
fictional characters
art
science
coffee
museums
u.s. presidents
u.s. cities
state capitals
organizations
the bible
word origins
first ladies
colleges & universities
bodies of water
islands
history
world geography
state capitals
u.s. geography
awards
islands
the body human
bodies of water
science
world history
literature
literature
colleges & universities
foreign words & phrases
world history
before & after
word origins
world history
fictional characters
the brooklyn bridge
islands
literature
add a letter
islands
word origins
television
languages
word origins
the civil war
colors
u.s. geography
islands
science
ballet
u.s. cities
holidays & observances
animals
u.s. cities
word origins
state capitals
science
science
word origins
world geography
u.s. geography
colleges & universities
quotations
u.s. presidents
literature
literature
word origins
literature
islands
science
science
the american revolution
american history
bodies of water
animals
state capitals
literature
opera
animals
before & after
animals
animals
world geography
annual events
animals
ballet
science
literature
awards
science
american history
word origins
first ladies
bodies of water
u.s. geography
history
medicine
word origins
world capitals
art & artists
museums
word origins
museums
classical music
classical music
u.s. states
state capitals
islands
science
sports
islands
television
the pilgrims
science
composers
world capitals
the movies
magazines
science
colleges & universities
middle names
word origins
animals
american history
awards
world capitals
state capitals
u.s. geography
before & after
world history
animals
languages
the civil war
science
mountains
mountains
literature
animals
history
animals
first ladies
science
fictional characters
opera
before & after
islands
literature
u.s. geography
opera
islands
annual events
history
fictional characters
animals
literature
animals
animals
word origins
literature
languages
word origins
literature
animals
science
literature
the american revolution
world capitals
science
sports
business & industry
word origins
shakespeare
countries of the world
science
word origins
sports stadiums
world geography
world capitals
literature
ballet
business & industry
word origins
word origins
letter perfect
food
pop music
word origins
word origins
history
the bible
american literature
islands
sports
world history
saints
islands
state capitals
musical instruments
bodies of water
animals
animals
authors
the american revolution
world capitals
magazines
science
world capitals
science
science
literature
musical theatre
word origins
religion
science
anatomy
before & after
countries of the world
animals
sports
colleges & universities
colleges & universities
u.s. cities
fictional characters
bodies of water
animals
first ladies
first ladies
animals
state capitals
sports
the civil war
islands
literature
islands
u.s. presidents
literature
awards
architecture
national parks
literature
number, please
business & industry
fruits & vegetables
first ladies
islands
colleges & universities
word origins
animals
literature
middle names
animals
art & artists
opera
u.s. cities
languages
history
before & after
world capitals
before & after
word origins
world capitals
languages
animals
literature
literature
word origins
literature
television
books & authors
first ladies
colleges & universities
magazines
shakespeare
museums
museums
science
islands
organizations
museums
literature
state capitals
magazines
composers
sports
animals
word origins
word origins
awards
world capitals
animals
art & artists
state capitals
world history
word origins
world history
word origins
u.s. presidents
world capitals
science
literature
animals
world leaders
literature
before & after
animals
science
shakespeare
the movies
literature
literature
world geography
word origins
word origins
animals
art & artists
business & industry
magazines
politicians
poets & poetry
fictional characters
animals
literature
word origins
before & after
u.s. geography
islands
before & after
first ladies
animals
number, please
science
literature
american history
before & after
mountains
literature
literature
literature
world history
word origins
science
dance
authors
shakespeare
musical instruments
word origins
american history
animals
world capitals
guinness records
word origins
first ladies
common bonds
flowers
u.s. geography
islands
science
world history
languages
u.s. geography
sports
sports
before & after
word origins
animals
fictional characters
u.s. geography
u.s. geography
state capitals
the human body
u.s. geography
u.s. geography
ancient history
the american revolution
colleges & universities
animals
where am i?
science
literature
animals
literature
first ladies
world capitals
pop music
colleges & universities
colleges & universities
world capitals
nonfiction
literature
literature
authors
before & after
letter perfect
state capitals
the movies
sports
television
literature
american history
cheese
islands
u.s. cities
the body human
u.s. presidents
u.s. cities
science
before & after
word origins
sports
ballet
american history
word origins
bodies of water
countries of the world
literature
state capitals
before & after
word origins
world capitals
american history
the movies
business & industry
islands
world history
science
colleges & universities
languages
u.s. cities
science
business & industry
literature
literature
museums
the movies
months
the olympics
islands
islands
photography
u.s. geography
bodies of water
languages
literature
art & artists
fictional characters
television
languages
literature
literature
first ladies
american history
fictional characters
television
literature
sports
science
animals
musical instruments
first ladies
politicians
u.s. cities
u.s. presidents
before & after
sports
science
literature
authors
complete the movie quote
animals
sports
musical theatre
science
the american revolution
word origins
first ladies
organizations
u.s. presidents
science
magazines
first ladies
u.s. presidents
word origins
animals
sports
before & after
history
animals
world history
literature
world history
animals
american history
musical theatre
u.s. presidents
fictional characters
word origins
world leaders
languages
before & after
animals
history
u.s. states
animals
colleges & universities
before & after
the movies
opera
u.s. geography
literature
science
opera
ballet
u.s. geography
literature
literature
u.s. geography
literature
languages
world capitals
first ladies
u.s. presidents
animals
the elements
science
world capitals
the civil war
word origins
where am i?
islands
add a letter
holidays & observances
name that century
world history
world capitals
u.s. geography
word origins
musical theatre
word origins
television
science
literature
the movies
literature
literature
transportation
fictional characters
world geography
opera
word origins
museums
business & industry
u.s. presidents
middle names
magazines
colleges & universities
word origins
science
american history
movie debuts
u.s. cities
signs & symbols
days of the week
the civil war
classical music
colleges & universities
music
mythology
word origins
first ladies
the movies
presidential nicknames
art & artists
world capitals
word origins
animals
american history
islands
magazines
museums
state capitals
bodies of water
musical theatre
authors
poets & poetry
holidays & observances
science
sports
mountains
languages
animals
history
state capitals
before & after
u.s. presidents
word origins
literature
television
foreign words & phrases
brand names
inventors
poets & poetry
u.s. cities
animals
word origins
colleges & universities
word origins
science
islands
animals
before & after
state capitals
word origins
islands
colleges & universities
television
literature
word origins
first ladies
colors
before & after
religion
literature
world geography
science
american history
fictional characters
animals
u.s. cities
colleges & universities
science
islands
business & industry
before & after
literature
u.s. geography
common bonds
literature
saints
the olympics
history
languages
magazines
word origins
television
science
world capitals
transportation
literature
the civil war
the movies
state capitals
state capitals
museums
literature
the movies
you do the math
animals
television
sports
science
authors
history
literature
word origins
the bible
colleges & universities
middle names
mythology
first ladies
u.s. presidents
foreign words & phrases
islands
world capitals
shakespeare
first ladies
languages
literature
mountains
annual events
science & nature
literature
literature
colleges & universities
annual events
animals
fields of science
languages
opera
history
flowers
first ladies
first ladies
word origins
world history
u.s. presidents
where am i?
word origins
composers
royalty
before & after
state capitals
the civil war
animals
sports
world capitals
the movies
art & artists
literature
literature
foreign words & phrases
science
organizations
first ladies
science
world geography
holidays & observances
the movies
world history
literature
magazines
u.s. presidents
science
organizations
u.s. stamps
science
brand names
religion
opera
mythology
annual events
television
bodies of water
languages
food
word origins
animals
before & after
animals
television
american history
animals
world history
world geography
word origins
weights & measures
mythology
colors
before & after
ballet
business & industry
bodies of water
science
before & after
word origins
animals
business & industry
royalty
botany
american history
islands
american history
world capitals
museums
before & after
animals
before & after
science
religion
organizations
word origins
museums
annual events
literature
television
islands
u.s. geography
science
sports
islands
before & after
literature
literature
the supreme court
islands
science
state capitals
world capitals
u.s. presidents
art & artists
animals
u.s. presidents
pop music
word origins
literature
before & after
the supreme court
state capitals
transportation
islands
animals
first ladies
american history
world history
television
poets & poetry
state capitals
generals
literature
colleges & universities
animals
maa (military acronyms & abbreviations)
where am i?
anagrams
word origins
the civil war
literature
colleges & universities
science
first ladies
museums
science
colleges & universities
animals
the bible
composers
animals
animals
you do the math
world history
historic names
literature
foreign words & phrases
the movies
history
first ladies
the oscars
business & industry
first ladies
history
colleges & universities
the bible
ballet
ballet
u.s. presidents
first ladies
islands
animals
u.s. cities
business & industry
science
television
word origins
colleges & universities
islands
the movies
u.s. geography
mountains
u.s. cities
business & industry
ballet
literature
poets & poetry
the movies
history
world capitals
animals
the bible
television
islands
state nicknames
mythology
literature
islands
colleges & universities
u.s. cities
dance
first ladies
world capitals
animals
world history
american history
science
colleges & universities
u.s. presidents
u.s. cities
bodies of water
mammals
before & after
colleges & universities
the oscars
science
annual events
medicine
first ladies
first ladies
word origins
world geography
literature
literature
literature
animals
islands
literature
museums
museums
colleges & universities
science
musical instruments
adjectives
literature
weights & measures
islands
sports
poets & poetry
holidays & observances
history
literature
food
world history
first ladies
literature
before & after
organizations
colleges & universities
animals
before & after
television
religion
islands
before & after
languages
the movies
science
valleys
literature
world geography
sports
world capitals
libraries
museums
u.s. cities
ballet
state capitals
animals
colleges & universities
the bible
before & after
organizations
opera
science
zoology
first ladies
word origins
authors
science
u.s. geography
pop music
religion
languages
business & industry
islands
mountains
animals
the bible
literature
world geography
literature
islands
colleges & universities
american history
world history
literature
countries of the world
botany
metals
u.s. cities
science
literature
literature
art & artists
american history
sports
history
animals
world capitals
literature
world history
literature
u.s. presidents
national parks
magazines
american history
fictional characters
literature
literature
word origins
art
islands
religion
animals
history
literature
literature
languages
world leaders
u.s. geography
state capitals
science
word origins
islands
world capitals
word origins
national parks
musical theatre
literature
languages
before & after
nursery rhymes
state capitals
animals
pop music
islands
world capitals
awards
american history
u.s. presidents
literature
complete the movie quote
musical theatre
u.s. presidents
number, please
islands
literature
colleges & universities
word origins
museums
u.s. geography
u.s. presidents
colleges & universities
languages
colleges & universities
literature
potpourri
suffixes
word origins
first ladies
animals
holidays & observances
musical instruments
food
business & industry
history
science
animals
business & industry
american history
animals
islands
pen names
shakespeare
business & industry
animals
bodies of water
sports
animals
islands
world history
animals
before & after
literature
the u.s. constitution
the movies
magazines
the movies
world geography
holidays & observances
animals
american history
animals
world history
science
food
science
museums
first ladies
the movies
literature
word origins
history
ballet
word origins
organizations
animals
literature
before & after
islands
science
animals
american history
state capitals
the elements
science
bodies of water
literature
before & after
word origins
fictional characters
literature
u.s. presidents
opera
science
u.s. cities
word origins
the civil war
before & after
opera
mythology

u.s. cities
word origins
colleges & universities
u.s. geography
first ladies
before & after
before & after
business & industry
science
literature
national anthems
world history
languages
u.s. presidents
world geography
animals
first ladies
sports
u.s. cities
u.s. presidents
colleges & universities
before & after
animals
potent potables
u.s. cities
state capitals
colleges & universities
books & authors
foreign words & phrases
world geography
world history
colors
literature
science
religion
literature
literature
animals
animals
before & after
organizations
world geography
literature
word origins
mountains
television
mythology
history
add a letter
world capitals
opera
holidays & observances
state capitals
television
number, please
colleges & universities
transportation
world history
islands
bodies of water
literature
islands
word origins
animals
word origins
holidays & observances
science
3-letter words
colleges & universities
quotations
name that century
common bonds
first ladies
history
word origins
animals
animals
animals
science
fruits & vegetables
the movies
science
islands
business & industry
science
common bonds
science
animals
literature
animals
science
science
highways & byways
colleges & universities
world geography
composers
organizations
word origins
before & after
opera
literature
bodies of water
u.s. cities
literature
literature
animals
before & after
literature
islands
literature
state capitals
where am i?
animals
languages
mountains
world geography
languages
colleges & universities
shakespeare
u.s. cities
foreign words & phrases
the elements
u.s. geography
fictional characters
animals
word origins
history
state capitals
before & after
opera
peninsulas
history
languages
u.s. states
business & industry
brand names
colleges & universities
annual events
first ladies
science
awards
world capitals
u.s. states
animals
art
literature
colleges & universities
before & after
literature
literature
animals
animals
word origins
the bible
mountains
first ladies
inventors
opera
colleges & universities
literature
u.s. presidents
before & after
world history
word origins
sports
libraries
languages
opera
animals
colleges & universities
organizations
history
word origins
science
geography
literature
world history
countries of the world
literature
u.s. presidents
science
u.s. presidents
the dark knight
world history
animals
before & after
state capitals
scientists
classical music
state capitals
museums
women's firsts
colleges & universities
colleges & universities
science
first ladies
business & industry
word origins
world history
state capitals
opera
u.s. geography
